# JRE version: Java(TM) SE Runtime Environment 18.9 (11.0.18+9) (build 11.0.18+9-LTS-195)
# Java VM: Java HotSpot(TM) 64-Bit Server VM 18.9 (11.0.18+9-LTS-195, mixed mode, tiered, compressed oops, g1 gc, windows-amd64)
Heap:
 garbage-first heap   total 227328K, used 152644K [0x0000000080000000, 0x0000000100000000)
  region size 1024K, 75 young (76800K), 14 survivors (14336K)
 Metaspace       used 95434K, capacity 98419K, committed 98608K, reserved 602112K
  class space    used 12643K, capacity 13851K, committed 13952K, reserved 516096K
GC Heap History (10 events):
Event: 222.104 GC heap before
{Heap before GC invocations=10 (full 0):
 garbage-first heap   total 227328K, used 171570K [0x0000000080000000, 0x0000000100000000)
  region size 1024K, 133 young (136192K), 9 survivors (9216K)
 Metaspace       used 66028K, capacity 68011K, committed 68144K, reserved 575488K
  class space    used 8690K, capacity 9509K, committed 9600K, reserved 516096K
}
Event: 222.113 GC heap after
{Heap after GC invocations=11 (full 0):
 garbage-first heap   total 227328K, used 48996K [0x0000000080000000, 0x0000000100000000)
  region size 1024K, 13 young (13312K), 13 survivors (13312K)
 Metaspace       used 66028K, capacity 68011K, committed 68144K, reserved 575488K
  class space    used 8690K, capacity 9509K, committed 9600K, reserved 516096K
}
Event: 262.076 GC heap before
{Heap before GC invocations=11 (full 0):
 garbage-first heap   total 227328K, used 172900K [0x0000000080000000, 0x0000000100000000)
  region size 1024K, 133 young (136192K), 13 survivors (13312K)
 Metaspace       used 72092K, capacity 74318K, committed 74416K, reserved 581632K
  class space    used 9513K, capacity 10478K, committed 10496K, reserved 516096K
}
Event: 262.087 GC heap after
{Heap after GC invocations=12 (full 0):
 garbage-first heap   total 227328K, used 60323K [0x0000000080000000, 0x0000000100000000)
  region size 1024K, 14 young (14336K), 14 survivors (14336K)
 Metaspace       used 72092K, capacity 74318K, committed 74416K, reserved 581632K
  class space    used 9513K, capacity 10478K, committed 10496K, reserved 516096K
}
Event: 264.347 GC heap before
{Heap before GC invocations=12 (full 0):
 garbage-first heap   total 227328K, used 187299K [0x0000000080000000, 0x0000000100000000)
  region size 1024K, 129 young (132096K), 14 survivors (14336K)
 Metaspace       used 83571K, capacity 85894K, committed 86064K, reserved 591872K
  class space    used 10874K, capacity 11847K, committed 11904K, reserved 516096K
}
Event: 264.396 GC heap after
{Heap after GC invocations=13 (full 0):
 garbage-first heap   total 227328K, used 70656K [0x0000000080000000, 0x0000000100000000)
  region size 1024K, 17 young (17408K), 17 survivors (17408K)
 Metaspace       used 83571K, capacity 85894K, committed 86064K, reserved 591872K
  class space    used 10874K, capacity 11847K, committed 11904K, reserved 516096K
}
Event: 296.623 GC heap before
{Heap before GC invocations=13 (full 0):
 garbage-first heap   total 227328K, used 178176K [0x0000000080000000, 0x0000000100000000)
  region size 1024K, 122 young (124928K), 17 survivors (17408K)
 Metaspace       used 90003K, capacity 92427K, committed 92592K, reserved 595968K
  class space    used 11962K, capacity 12994K, committed 13056K, reserved 516096K
}
Event: 296.639 GC heap after
{Heap after GC invocations=14 (full 0):
 garbage-first heap   total 227328K, used 78379K [0x0000000080000000, 0x0000000100000000)
  region size 1024K, 8 young (8192K), 8 survivors (8192K)
 Metaspace       used 90003K, capacity 92427K, committed 92592K, reserved 595968K
  class space    used 11962K, capacity 12994K, committed 13056K, reserved 516096K
}
Event: 383.033 GC heap before
{Heap before GC invocations=14 (full 0):
 garbage-first heap   total 227328K, used 178731K [0x0000000080000000, 0x0000000100000000)
  region size 1024K, 107 young (109568K), 8 survivors (8192K)
 Metaspace       used 93041K, capacity 95805K, committed 95920K, reserved 600064K
  class space    used 12326K, capacity 13476K, committed 13568K, reserved 516096K
}
Event: 383.104 GC heap after
{Heap after GC invocations=15 (full 0):
 garbage-first heap   total 227328K, used 84036K [0x0000000080000000, 0x0000000100000000)
  region size 1024K, 14 young (14336K), 14 survivors (14336K)
 Metaspace       used 93041K, capacity 95805K, committed 95920K, reserved 600064K
  class space    used 12326K, capacity 13476K, committed 13568K, reserved 516096K
}

