# JRE version: Java(TM) SE Runtime Environment 18.9 (11.0.18+9) (build 11.0.18+9-LTS-195)
# Java VM: Java HotSpot(TM) 64-Bit Server VM 18.9 (11.0.18+9-LTS-195, mixed mode, tiered, compressed oops, g1 gc, windows-amd64)
Heap:
 garbage-first heap   total 227328K, used 88808K [0x0000000080000000, 0x0000000100000000)
  region size 1024K, 43 young (44032K), 14 survivors (14336K)
 Metaspace       used 73690K, capacity 75896K, committed 76196K, reserved 581632K
  class space    used 9715K, capacity 10641K, committed 10752K, reserved 516096K
GC Heap History (10 events):
Event: 146.053 GC heap before
{Heap before GC invocations=6 (full 0):
 garbage-first heap   total 227328K, used 135536K [0x0000000080000000, 0x0000000100000000)
  region size 1024K, 113 young (115712K), 6 survivors (6144K)
 Metaspace       used 41486K, capacity 42536K, committed 42624K, reserved 552960K
  class space    used 5297K, capacity 5730K, committed 5760K, reserved 516096K
}
Event: 146.081 GC heap after
{Heap after GC invocations=7 (full 0):
 garbage-first heap   total 227328K, used 30363K [0x0000000080000000, 0x0000000100000000)
  region size 1024K, 12 young (12288K), 12 survivors (12288K)
 Metaspace       used 41486K, capacity 42536K, committed 42624K, reserved 552960K
  class space    used 5297K, capacity 5730K, committed 5760K, reserved 516096K
}
Event: 222.753 GC heap before
{Heap before GC invocations=7 (full 0):
 garbage-first heap   total 227328K, used 148123K [0x0000000080000000, 0x0000000100000000)
  region size 1024K, 127 young (130048K), 12 survivors (12288K)
 Metaspace       used 49132K, capacity 50554K, committed 50816K, reserved 561152K
  class space    used 6392K, capacity 6976K, committed 7040K, reserved 516096K
}
Event: 222.889 GC heap after
{Heap after GC invocations=8 (full 0):
 garbage-first heap   total 227328K, used 33075K [0x0000000080000000, 0x0000000100000000)
  region size 1024K, 10 young (10240K), 10 survivors (10240K)
 Metaspace       used 49132K, capacity 50554K, committed 50816K, reserved 561152K
  class space    used 6392K, capacity 6976K, committed 7040K, reserved 516096K
}
Event: 254.241 GC heap before
{Heap before GC invocations=8 (full 0):
 garbage-first heap   total 227328K, used 154931K [0x0000000080000000, 0x0000000100000000)
  region size 1024K, 124 young (126976K), 10 survivors (10240K)
 Metaspace       used 58448K, capacity 60184K, committed 60376K, reserved 569344K
  class space    used 7685K, capacity 8448K, committed 8448K, reserved 516096K
}
Event: 254.304 GC heap after
{Heap after GC invocations=9 (full 0):
 garbage-first heap   total 227328K, used 44316K [0x0000000080000000, 0x0000000100000000)
  region size 1024K, 15 young (15360K), 15 survivors (15360K)
 Metaspace       used 58448K, capacity 60184K, committed 60376K, reserved 569344K
  class space    used 7685K, capacity 8448K, committed 8448K, reserved 516096K
}
Event: 278.346 GC heap before
{Heap before GC invocations=10 (full 0):
 garbage-first heap   total 227328K, used 164124K [0x0000000080000000, 0x0000000100000000)
  region size 1024K, 133 young (136192K), 15 survivors (15360K)
 Metaspace       used 65840K, capacity 67784K, committed 68132K, reserved 575488K
  class space    used 8667K, capacity 9499K, committed 9600K, reserved 516096K
}
Event: 278.451 GC heap after
{Heap after GC invocations=11 (full 0):
 garbage-first heap   total 227328K, used 49687K [0x0000000080000000, 0x0000000100000000)
  region size 1024K, 14 young (14336K), 14 survivors (14336K)
 Metaspace       used 65840K, capacity 67784K, committed 68132K, reserved 575488K
  class space    used 8667K, capacity 9499K, committed 9600K, reserved 516096K
}
Event: 310.224 GC heap before
{Heap before GC invocations=11 (full 0):
 garbage-first heap   total 227328K, used 171543K [0x0000000080000000, 0x0000000100000000)
  region size 1024K, 133 young (136192K), 14 survivors (14336K)
 Metaspace       used 72022K, capacity 74249K, committed 74404K, reserved 581632K
  class space    used 9504K, capacity 10436K, committed 10496K, reserved 516096K
}
Event: 310.275 GC heap after
{Heap after GC invocations=12 (full 0):
 garbage-first heap   total 227328K, used 58088K [0x0000000080000000, 0x0000000100000000)
  region size 1024K, 14 young (14336K), 14 survivors (14336K)
 Metaspace       used 72022K, capacity 74249K, committed 74404K, reserved 581632K
  class space    used 9504K, capacity 10436K, committed 10496K, reserved 516096K
}

