# JRE version: Java(TM) SE Runtime Environment 18.9 (11.0.18+9) (build 11.0.18+9-LTS-195)
# Java VM: Java HotSpot(TM) 64-Bit Server VM 18.9 (11.0.18+9-LTS-195, mixed mode, tiered, compressed oops, g1 gc, windows-amd64)
Heap:
 garbage-first heap   total 227328K, used 183178K [0x0000000080000000, 0x0000000100000000)
  region size 1024K, 36 young (36864K), 5 survivors (5120K)
 Metaspace       used 110042K, capacity 113967K, committed 114304K, reserved 614400K
  class space    used 14552K, capacity 16136K, committed 16256K, reserved 516096K
GC Heap History (10 events):
Event: 442.744 GC heap before
{Heap before GC invocations=26 (full 0):
 garbage-first heap   total 227328K, used 137006K [0x0000000080000000, 0x0000000100000000)
  region size 1024K, 5 young (5120K), 3 survivors (3072K)
 Metaspace       used 101654K, capacity 105293K, committed 105600K, reserved 608256K
  class space    used 13469K, capacity 14902K, committed 14976K, reserved 516096K
}
Event: 442.748 GC heap after
{Heap after GC invocations=27 (full 0):
 garbage-first heap   total 227328K, used 136832K [0x0000000080000000, 0x0000000100000000)
  region size 1024K, 4 young (4096K), 4 survivors (4096K)
 Metaspace       used 101654K, capacity 105293K, committed 105600K, reserved 608256K
  class space    used 13469K, capacity 14902K, committed 14976K, reserved 516096K
}
Event: 444.042 GC heap before
{Heap before GC invocations=28 (full 0):
 garbage-first heap   total 227328K, used 172672K [0x0000000080000000, 0x0000000100000000)
  region size 1024K, 39 young (39936K), 4 survivors (4096K)
 Metaspace       used 102902K, capacity 106622K, committed 106752K, reserved 608256K
  class space    used 13590K, capacity 15058K, committed 15104K, reserved 516096K
}
Event: 444.084 GC heap after
{Heap after GC invocations=29 (full 0):
 garbage-first heap   total 227328K, used 145821K [0x0000000080000000, 0x0000000100000000)
  region size 1024K, 5 young (5120K), 5 survivors (5120K)
 Metaspace       used 102902K, capacity 106622K, committed 106752K, reserved 608256K
  class space    used 13590K, capacity 15058K, committed 15104K, reserved 516096K
}
Event: 444.748 GC heap before
{Heap before GC invocations=29 (full 0):
 garbage-first heap   total 227328K, used 177565K [0x0000000080000000, 0x0000000100000000)
  region size 1024K, 37 young (37888K), 5 survivors (5120K)
 Metaspace       used 104904K, capacity 108615K, committed 108928K, reserved 610304K
  class space    used 13860K, capacity 15398K, committed 15488K, reserved 516096K
}
Event: 444.760 GC heap after
{Heap after GC invocations=30 (full 0):
 garbage-first heap   total 227328K, used 147580K [0x0000000080000000, 0x0000000100000000)
  region size 1024K, 2 young (2048K), 2 survivors (2048K)
 Metaspace       used 104904K, capacity 108615K, committed 108928K, reserved 610304K
  class space    used 13860K, capacity 15398K, committed 15488K, reserved 516096K
}
Event: 445.447 GC heap before
{Heap before GC invocations=31 (full 0):
 garbage-first heap   total 227328K, used 180348K [0x0000000080000000, 0x0000000100000000)
  region size 1024K, 34 young (34816K), 2 survivors (2048K)
 Metaspace       used 106874K, capacity 110640K, committed 110720K, reserved 612352K
  class space    used 14137K, capacity 15682K, committed 15744K, reserved 516096K
}
Event: 445.451 GC heap after
{Heap after GC invocations=32 (full 0):
 garbage-first heap   total 227328K, used 149065K [0x0000000080000000, 0x0000000100000000)
  region size 1024K, 3 young (3072K), 3 survivors (3072K)
 Metaspace       used 106874K, capacity 110640K, committed 110720K, reserved 612352K
  class space    used 14137K, capacity 15682K, committed 15744K, reserved 516096K
}
Event: 446.090 GC heap before
{Heap before GC invocations=32 (full 0):
 garbage-first heap   total 227328K, used 183881K [0x0000000080000000, 0x0000000100000000)
  region size 1024K, 37 young (37888K), 3 survivors (3072K)
 Metaspace       used 108706K, capacity 112523K, committed 112768K, reserved 614400K
  class space    used 14392K, capacity 15956K, committed 16000K, reserved 516096K
}
Event: 446.112 GC heap after
{Heap after GC invocations=33 (full 0):
 garbage-first heap   total 227328K, used 152458K [0x0000000080000000, 0x0000000100000000)
  region size 1024K, 5 young (5120K), 5 survivors (5120K)
 Metaspace       used 108706K, capacity 112523K, committed 112768K, reserved 614400K
  class space    used 14392K, capacity 15956K, committed 16000K, reserved 516096K
}

