# JRE version: Java(TM) SE Runtime Environment 18.9 (11.0.18+9) (build 11.0.18+9-LTS-195)
# Java VM: Java HotSpot(TM) 64-Bit Server VM 18.9 (11.0.18+9-LTS-195, mixed mode, tiered, compressed oops, g1 gc, windows-amd64)
Heap:
 garbage-first heap   total 227328K, used 132888K [0x0000000080000000, 0x0000000100000000)
  region size 1024K, 8 young (8192K), 7 survivors (7168K)
 Metaspace       used 101618K, capacity 105076K, committed 105156K, reserved 608256K
  class space    used 13450K, capacity 14847K, committed 14848K, reserved 516096K
GC Heap History (10 events):
Event: 471.369 GC heap before
{Heap before GC invocations=15 (full 0):
 garbage-first heap   total 227328K, used 189276K [0x0000000080000000, 0x0000000100000000)
  region size 1024K, 110 young (112640K), 14 survivors (14336K)
 Metaspace       used 96950K, capacity 99989K, committed 100224K, reserved 602112K
  class space    used 12887K, capacity 14140K, committed 14208K, reserved 516096K
}
Event: 471.592 GC heap after
{Heap after GC invocations=16 (full 0):
 garbage-first heap   total 227328K, used 103654K [0x0000000080000000, 0x0000000100000000)
  region size 1024K, 14 young (14336K), 14 survivors (14336K)
 Metaspace       used 96950K, capacity 99989K, committed 100224K, reserved 602112K
  class space    used 12887K, capacity 14140K, committed 14208K, reserved 516096K
}
Event: 516.343 GC heap before
{Heap before GC invocations=16 (full 0):
 garbage-first heap   total 227328K, used 154854K [0x0000000080000000, 0x0000000100000000)
  region size 1024K, 59 young (60416K), 14 survivors (14336K)
 Metaspace       used 97628K, capacity 100701K, committed 100864K, reserved 604160K
  class space    used 12953K, capacity 14216K, committed 14336K, reserved 516096K
}
Event: 516.474 GC heap after
{Heap after GC invocations=17 (full 0):
 garbage-first heap   total 227328K, used 117584K [0x0000000080000000, 0x0000000100000000)
  region size 1024K, 7 young (7168K), 7 survivors (7168K)
 Metaspace       used 97628K, capacity 100701K, committed 100864K, reserved 604160K
  class space    used 12953K, capacity 14216K, committed 14336K, reserved 516096K
}
Event: 527.988 GC heap before
{Heap before GC invocations=18 (full 0):
 garbage-first heap   total 227328K, used 173904K [0x0000000080000000, 0x0000000100000000)
  region size 1024K, 63 young (64512K), 7 survivors (7168K)
 Metaspace       used 99442K, capacity 102650K, committed 102852K, reserved 606208K
  class space    used 13171K, capacity 14494K, committed 14592K, reserved 516096K
}
Event: 527.998 GC heap after
{Heap after GC invocations=19 (full 0):
 garbage-first heap   total 227328K, used 122733K [0x0000000080000000, 0x0000000100000000)
  region size 1024K, 5 young (5120K), 5 survivors (5120K)
 Metaspace       used 99442K, capacity 102650K, committed 102852K, reserved 606208K
  class space    used 13171K, capacity 14494K, committed 14592K, reserved 516096K
}
Event: 542.252 GC heap before
{Heap before GC invocations=20 (full 0):
 garbage-first heap   total 227328K, used 137069K [0x0000000080000000, 0x0000000100000000)
  region size 1024K, 21 young (21504K), 5 survivors (5120K)
 Metaspace       used 99487K, capacity 102675K, committed 102852K, reserved 606208K
  class space    used 13173K, capacity 14498K, committed 14592K, reserved 516096K
}
Event: 542.259 GC heap after
{Heap after GC invocations=21 (full 0):
 garbage-first heap   total 227328K, used 124538K [0x0000000080000000, 0x0000000100000000)
  region size 1024K, 3 young (3072K), 3 survivors (3072K)
 Metaspace       used 99487K, capacity 102675K, committed 102852K, reserved 606208K
  class space    used 13173K, capacity 14498K, committed 14592K, reserved 516096K
}
Event: 548.275 GC heap before
{Heap before GC invocations=22 (full 0):
 garbage-first heap   total 227328K, used 179834K [0x0000000080000000, 0x0000000100000000)
  region size 1024K, 56 young (57344K), 3 survivors (3072K)
 Metaspace       used 101613K, capacity 105076K, committed 105156K, reserved 608256K
  class space    used 13450K, capacity 14847K, committed 14848K, reserved 516096K
}
Event: 548.291 GC heap after
{Heap after GC invocations=23 (full 0):
 garbage-first heap   total 227328K, used 132888K [0x0000000080000000, 0x0000000100000000)
  region size 1024K, 7 young (7168K), 7 survivors (7168K)
 Metaspace       used 101613K, capacity 105076K, committed 105156K, reserved 608256K
  class space    used 13450K, capacity 14847K, committed 14848K, reserved 516096K
}

