# JRE version: Java(TM) SE Runtime Environment 18.9 (11.0.18+9) (build 11.0.18+9-LTS-195)
# Java VM: Java HotSpot(TM) 64-Bit Server VM 18.9 (11.0.18+9-LTS-195, mixed mode, tiered, compressed oops, g1 gc, windows-amd64)
Heap:
 garbage-first heap   total 227328K, used 45125K [0x0000000080000000, 0x0000000100000000)
  region size 1024K, 27 young (27648K), 13 survivors (13312K)
 Metaspace       used 43448K, capacity 44630K, committed 44928K, reserved 555008K
  class space    used 5489K, capacity 5963K, committed 6016K, reserved 516096K
GC Heap History (10 events):
Event: 2.728 GC heap before
{Heap before GC invocations=0 (full 0):
 garbage-first heap   total 227328K, used 27648K [0x0000000080000000, 0x0000000100000000)
  region size 1024K, 24 young (24576K), 0 survivors (0K)
 Metaspace       used 9929K, capacity 10130K, committed 10368K, reserved 526336K
  class space    used 1030K, capacity 1106K, committed 1152K, reserved 516096K
}
Event: 2.749 GC heap after
{Heap after GC invocations=1 (full 0):
 garbage-first heap   total 227328K, used 10599K [0x0000000080000000, 0x0000000100000000)
  region size 1024K, 3 young (3072K), 3 survivors (3072K)
 Metaspace       used 9929K, capacity 10130K, committed 10368K, reserved 526336K
  class space    used 1030K, capacity 1106K, committed 1152K, reserved 516096K
}
Event: 11.402 GC heap before
{Heap before GC invocations=1 (full 0):
 garbage-first heap   total 227328K, used 106855K [0x0000000080000000, 0x0000000100000000)
  region size 1024K, 97 young (99328K), 3 survivors (3072K)
 Metaspace       used 20751K, capacity 21224K, committed 21296K, reserved 536576K
  class space    used 2512K, capacity 2688K, committed 2688K, reserved 516096K
}
Event: 11.410 GC heap after
{Heap after GC invocations=2 (full 0):
 garbage-first heap   total 227328K, used 18528K [0x0000000080000000, 0x0000000100000000)
  region size 1024K, 11 young (11264K), 11 survivors (11264K)
 Metaspace       used 20751K, capacity 21224K, committed 21296K, reserved 536576K
  class space    used 2512K, capacity 2688K, committed 2688K, reserved 516096K
}
Event: 13.266 GC heap before
{Heap before GC invocations=3 (full 0):
 garbage-first heap   total 227328K, used 80992K [0x0000000080000000, 0x0000000100000000)
  region size 1024K, 72 young (73728K), 11 survivors (11264K)
 Metaspace       used 26613K, capacity 27319K, committed 27392K, reserved 540672K
  class space    used 3489K, capacity 3775K, committed 3840K, reserved 516096K
}
Event: 13.273 GC heap after
{Heap after GC invocations=4 (full 0):
 garbage-first heap   total 227328K, used 20800K [0x0000000080000000, 0x0000000100000000)
  region size 1024K, 3 young (3072K), 3 survivors (3072K)
 Metaspace       used 26613K, capacity 27319K, committed 27392K, reserved 540672K
  class space    used 3489K, capacity 3775K, committed 3840K, reserved 516096K
}
Event: 15.279 GC heap before
{Heap before GC invocations=4 (full 0):
 garbage-first heap   total 227328K, used 86336K [0x0000000080000000, 0x0000000100000000)
  region size 1024K, 68 young (69632K), 3 survivors (3072K)
 Metaspace       used 35059K, capacity 35854K, committed 35968K, reserved 548864K
  class space    used 4558K, capacity 4880K, committed 4992K, reserved 516096K
}
Event: 15.287 GC heap after
{Heap after GC invocations=5 (full 0):
 garbage-first heap   total 227328K, used 23852K [0x0000000080000000, 0x0000000100000000)
  region size 1024K, 6 young (6144K), 6 survivors (6144K)
 Metaspace       used 35059K, capacity 35854K, committed 35968K, reserved 548864K
  class space    used 4558K, capacity 4880K, committed 4992K, reserved 516096K
}
Event: 60.316 GC heap before
{Heap before GC invocations=6 (full 0):
 garbage-first heap   total 227328K, used 130348K [0x0000000080000000, 0x0000000100000000)
  region size 1024K, 108 young (110592K), 6 survivors (6144K)
 Metaspace       used 42365K, capacity 43548K, committed 43648K, reserved 555008K
  class space    used 5442K, capacity 5922K, committed 6016K, reserved 516096K
}
Event: 60.440 GC heap after
{Heap after GC invocations=7 (full 0):
 garbage-first heap   total 227328K, used 30789K [0x0000000080000000, 0x0000000100000000)
  region size 1024K, 13 young (13312K), 13 survivors (13312K)
 Metaspace       used 42365K, capacity 43548K, committed 43648K, reserved 555008K
  class space    used 5442K, capacity 5922K, committed 6016K, reserved 516096K
}

