# JRE version: Java(TM) SE Runtime Environment 18.9 (11.0.18+9) (build 11.0.18+9-LTS-195)
# Java VM: Java HotSpot(TM) 64-Bit Server VM 18.9 (11.0.18+9-LTS-195, mixed mode, tiered, compressed oops, g1 gc, windows-amd64)
Heap:
 garbage-first heap   total 227328K, used 102456K [0x0000000080000000, 0x0000000100000000)
  region size 1024K, 82 young (83968K), 6 survivors (6144K)
 Metaspace       used 40361K, capacity 41340K, committed 41472K, reserved 552960K
  class space    used 5132K, capacity 5533K, committed 5632K, reserved 516096K
GC Heap History (10 events):
Event: 1.551 GC heap before
{Heap before GC invocations=0 (full 0):
 garbage-first heap   total 227328K, used 27648K [0x0000000080000000, 0x0000000100000000)
  region size 1024K, 24 young (24576K), 0 survivors (0K)
 Metaspace       used 9929K, capacity 10130K, committed 10368K, reserved 526336K
  class space    used 1030K, capacity 1106K, committed 1152K, reserved 516096K
}
Event: 1.556 GC heap after
{Heap after GC invocations=1 (full 0):
 garbage-first heap   total 227328K, used 10483K [0x0000000080000000, 0x0000000100000000)
  region size 1024K, 3 young (3072K), 3 survivors (3072K)
 Metaspace       used 9929K, capacity 10130K, committed 10368K, reserved 526336K
  class space    used 1030K, capacity 1106K, committed 1152K, reserved 516096K
}
Event: 6.902 GC heap before
{Heap before GC invocations=1 (full 0):
 garbage-first heap   total 227328K, used 105715K [0x0000000080000000, 0x0000000100000000)
  region size 1024K, 96 young (98304K), 3 survivors (3072K)
 Metaspace       used 20741K, capacity 21224K, committed 21296K, reserved 536576K
  class space    used 2510K, capacity 2688K, committed 2688K, reserved 516096K
}
Event: 6.923 GC heap after
{Heap after GC invocations=2 (full 0):
 garbage-first heap   total 227328K, used 18489K [0x0000000080000000, 0x0000000100000000)
  region size 1024K, 11 young (11264K), 11 survivors (11264K)
 Metaspace       used 20741K, capacity 21224K, committed 21296K, reserved 536576K
  class space    used 2510K, capacity 2688K, committed 2688K, reserved 516096K
}
Event: 7.673 GC heap before
{Heap before GC invocations=3 (full 0):
 garbage-first heap   total 227328K, used 52281K [0x0000000080000000, 0x0000000100000000)
  region size 1024K, 44 young (45056K), 11 survivors (11264K)
 Metaspace       used 23778K, capacity 24344K, committed 24576K, reserved 538624K
  class space    used 3018K, capacity 3244K, committed 3328K, reserved 516096K
}
Event: 7.700 GC heap after
{Heap after GC invocations=4 (full 0):
 garbage-first heap   total 227328K, used 19379K [0x0000000080000000, 0x0000000100000000)
  region size 1024K, 2 young (2048K), 2 survivors (2048K)
 Metaspace       used 23778K, capacity 24344K, committed 24576K, reserved 538624K
  class space    used 3018K, capacity 3244K, committed 3328K, reserved 516096K
}
Event: 9.708 GC heap before
{Heap before GC invocations=4 (full 0):
 garbage-first heap   total 227328K, used 102323K [0x0000000080000000, 0x0000000100000000)
  region size 1024K, 83 young (84992K), 2 survivors (2048K)
 Metaspace       used 31394K, capacity 32142K, committed 32256K, reserved 544768K
  class space    used 4203K, capacity 4513K, committed 4608K, reserved 516096K
}
Event: 9.711 GC heap after
{Heap after GC invocations=5 (full 0):
 garbage-first heap   total 227328K, used 21805K [0x0000000080000000, 0x0000000100000000)
  region size 1024K, 4 young (4096K), 4 survivors (4096K)
 Metaspace       used 31394K, capacity 32142K, committed 32256K, reserved 544768K
  class space    used 4203K, capacity 4513K, committed 4608K, reserved 516096K
}
Event: 10.251 GC heap before
{Heap before GC invocations=5 (full 0):
 garbage-first heap   total 227328K, used 33069K [0x0000000080000000, 0x0000000100000000)
  region size 1024K, 16 young (16384K), 4 survivors (4096K)
 Metaspace       used 35073K, capacity 35855K, committed 35968K, reserved 548864K
  class space    used 4561K, capacity 4880K, committed 4992K, reserved 516096K
}
Event: 10.259 GC heap after
{Heap after GC invocations=6 (full 0):
 garbage-first heap   total 227328K, used 23608K [0x0000000080000000, 0x0000000100000000)
  region size 1024K, 6 young (6144K), 6 survivors (6144K)
 Metaspace       used 35073K, capacity 35855K, committed 35968K, reserved 548864K
  class space    used 4561K, capacity 4880K, committed 4992K, reserved 516096K
}

